<?xml version="1.0" encoding="UTF-8"?>
<!-- Generated by org.testng.reporters.JUnitReportReporter -->
<testsuite skipped="0" hostname="Happy" name="testcasespkg.logintestcase" tests="1" failures="0" timestamp="06 Nov 2021 00:54:24 GMT" time="1.910" errors="0">
  <testcase name="Login" time="1.910" classname="testcasespkg.logintestcase"/>
</testsuite> <!-- testcasespkg.logintestcase -->
